<?xml version="1.0" encoding="UTF-8"?>
<!-- Generated by org.testng.reporters.JUnitXMLReporter -->
<testsuite ignored="0" hostname="VBS96" failures="0" tests="4" name="petTest" time="12.696" errors="0" timestamp="2023-08-11T16:56:29 IST">
  <testcase classname="api.test.UserTests" name="testPostUser" time="4.498"/>
  <testcase classname="api.test.UserTests" name="testGetUserbyName" time="1.529"/>
  <testcase classname="api.test.UserTests" name="testUpdateUserbyName" time="3.222"/>
  <testcase classname="api.test.UserTests" name="testDeleteUserByname" time="1.427"/>
</testsuite> <!-- petTest -->
